  main.cpp
c:\users\1\desktop\game\project\main.cpp(76): warning C4305: =: усечение из "double" в "float"
c:\users\1\desktop\game\project\main.cpp(89): warning C4244: =: преобразование "double" в "float", возможна потеря данных
c:\users\1\desktop\game\project\main.cpp(97): warning C4244: +=: преобразование "double" в "float", возможна потеря данных
c:\users\1\desktop\game\project\main.cpp(112): warning C4244: инициализация: преобразование "T" в "int", возможна потеря данных
          with
          [
              T=float
          ]
c:\users\1\desktop\game\project\main.cpp(113): warning C4244: инициализация: преобразование "T" в "int", возможна потеря данных
          with
          [
              T=float
          ]
c:\users\1\desktop\game\project\main.cpp(118): warning C4244: =: преобразование "int" в "T", возможна потеря данных
          with
          [
              T=float
          ]
c:\users\1\desktop\game\project\main.cpp(120): warning C4244: =: преобразование "int" в "T", возможна потеря данных
          with
          [
              T=float
          ]
c:\users\1\desktop\game\project\main.cpp(177): warning C4244: аргумент: преобразование "int" в "T", возможна потеря данных
          with
          [
              T=float
          ]
c:\users\1\desktop\game\project\main.cpp(178): warning C4305: =: усечение из "double" в "float"
c:\users\1\desktop\game\project\main.cpp(193): warning C4244: +=: преобразование "double" в "float", возможна потеря данных
c:\users\1\desktop\game\project\main.cpp(205): warning C4244: +=: преобразование "double" в "float", возможна потеря данных
c:\users\1\desktop\game\project\main.cpp(221): warning C4244: инициализация: преобразование "T" в "int", возможна потеря данных
          with
          [
              T=float
          ]
c:\users\1\desktop\game\project\main.cpp(222): warning C4244: инициализация: преобразование "T" в "int", возможна потеря данных
          with
          [
              T=float
          ]
c:\users\1\desktop\game\project\main.cpp(231): warning C4244: =: преобразование "int" в "T", возможна потеря данных
          with
          [
              T=float
          ]
c:\users\1\desktop\game\project\main.cpp(251): warning C4305: =: усечение из "double" в "float"
c:\users\1\desktop\game\project\main.cpp(358): warning C4244: инициализация: преобразование "sf::Int64" в "float", возможна потеря данных
c:\users\1\desktop\game\project\main.cpp(377): warning C4305: =: усечение из "double" в "float"
c:\users\1\desktop\game\project\main.cpp(387): warning C4305: =: усечение из "double" в "float"
c:\users\1\desktop\game\project\main.cpp(399): warning C4305: =: усечение из "double" в "float"
  Project.vcxproj -> C:\Users\1\Desktop\game\Project\Debug\Project.exe
