  main.cpp
c:\users\1\desktop\game\project\main.cpp(75): warning C4305: =: усечение из "double" в "float"
c:\users\1\desktop\game\project\main.cpp(88): warning C4244: =: преобразование "double" в "float", возможна потеря данных
c:\users\1\desktop\game\project\main.cpp(96): warning C4244: +=: преобразование "double" в "float", возможна потеря данных
c:\users\1\desktop\game\project\main.cpp(111): warning C4244: инициализация: преобразование "T" в "int", возможна потеря данных
          with
          [
              T=float
          ]
c:\users\1\desktop\game\project\main.cpp(112): warning C4244: инициализация: преобразование "T" в "int", возможна потеря данных
          with
          [
              T=float
          ]
c:\users\1\desktop\game\project\main.cpp(117): warning C4244: =: преобразование "int" в "T", возможна потеря данных
          with
          [
              T=float
          ]
c:\users\1\desktop\game\project\main.cpp(119): warning C4244: =: преобразование "int" в "T", возможна потеря данных
          with
          [
              T=float
          ]
c:\users\1\desktop\game\project\main.cpp(183): warning C4244: аргумент: преобразование "int" в "T", возможна потеря данных
          with
          [
              T=float
          ]
c:\users\1\desktop\game\project\main.cpp(184): warning C4305: =: усечение из "double" в "float"
c:\users\1\desktop\game\project\main.cpp(199): warning C4244: +=: преобразование "double" в "float", возможна потеря данных
c:\users\1\desktop\game\project\main.cpp(211): warning C4244: +=: преобразование "double" в "float", возможна потеря данных
c:\users\1\desktop\game\project\main.cpp(227): warning C4244: инициализация: преобразование "T" в "int", возможна потеря данных
          with
          [
              T=float
          ]
c:\users\1\desktop\game\project\main.cpp(228): warning C4244: инициализация: преобразование "T" в "int", возможна потеря данных
          with
          [
              T=float
          ]
c:\users\1\desktop\game\project\main.cpp(237): warning C4244: =: преобразование "int" в "T", возможна потеря данных
          with
          [
              T=float
          ]
c:\users\1\desktop\game\project\main.cpp(257): warning C4305: =: усечение из "double" в "float"
c:\users\1\desktop\game\project\main.cpp(361): warning C4244: инициализация: преобразование "sf::Int64" в "float", возможна потеря данных
c:\users\1\desktop\game\project\main.cpp(380): warning C4305: =: усечение из "double" в "float"
c:\users\1\desktop\game\project\main.cpp(390): warning C4305: =: усечение из "double" в "float"
c:\users\1\desktop\game\project\main.cpp(402): warning C4305: =: усечение из "double" в "float"
  Создание кода
  All 126 functions were compiled because no usable IPDB/IOBJ from previous compilation was found.
  Создание кода завершено
  Project.vcxproj -> C:\Users\1\Desktop\game\Project\Release\Project.exe
